<?xml version="1.0" encoding="UTF-8"?>
<!-- Generated by org.testng.reporters.JUnitXMLReporter -->
<testsuite hostname="Anups-MacBook-Pro.local" ignored="0" name="API AUTOMATION TASK" tests="5" failures="1" timestamp="04 Aug 2019 13:45:57 GMT" time="14.289" errors="0">
  <testcase name="CreateEmployee" time="2.823" classname="TestCases.CreateNewEmployeeTest"/>
  <testcase name="getEmployeeDetails" time="0.836" classname="TestCases.GetSingleEmployeeTest"/>
  <testcase name="UpdateEmployee" time="0.749" classname="TestCases.UpdateEmployeeTest"/>
  <testcase name="deleteEmployee" time="0.019" classname="TestCases.DeleteEmployeeTest">
    <failure type="java.lang.AssertionError" message="
Expecting actual not to be null">
      <![CDATA[java.lang.AssertionError: 
Expecting actual not to be null
at TestCases.GetSingleEmployeeTest.fetchID(GetSingleEmployeeTest.java:40)
at TestCases.DeleteEmployeeTest.deleteEmployee(DeleteEmployeeTest.java:21)
... Removed 29 stack frames]]>
    </failure>
  </testcase> <!-- deleteEmployee -->
  <testcase name="getAllEmployeeData" time="9.473" classname="TestCases.GetAll_Employees_Test"/>
</testsuite> <!-- API AUTOMATION TASK -->
