<?xml version="1.0" encoding="UTF-8"?>
<!-- Generated by org.testng.reporters.JUnitXMLReporter -->
<testsuite hostname="Anups-MacBook-Pro.local" ignored="0" name="API AUTOMATION TASK" tests="5" failures="0" timestamp="14 Sep 2019 14:17:57 GMT" time="7.464" errors="0">
  <testcase name="CreateEmployee" time="2.544" classname="TestCases.CreateNewEmployeeTest"/>
  <testcase name="getEmployeeDetails" time="1.613" classname="TestCases.GetSingleEmployeeTest"/>
  <testcase name="UpdateEmployee" time="0.746" classname="TestCases.UpdateEmployeeTest"/>
  <testcase name="deleteEmployee" time="1.487" classname="TestCases.DeleteEmployeeTest"/>
  <testcase name="getAllEmployeeData" time="0.754" classname="TestCases.GetAll_Employees_Test"/>
</testsuite> <!-- API AUTOMATION TASK -->
