-------------------------------------------------------------------------------
Test set: TestSuite
-------------------------------------------------------------------------------
Tests run: 5, Failures: 1, Errors: 0, Skipped: 0, Time elapsed: 50.102 s <<< FAILURE! - in TestSuite
deleteEmployee(TestCases.DeleteEmployeeTest)  Time elapsed: 0.025 s  <<< FAILURE!
java.lang.AssertionError: 

Expecting actual not to be null
	at TestCases.DeleteEmployeeTest.deleteEmployee(DeleteEmployeeTest.java:21)

