<?xml version="1.0" encoding="UTF-8"?>
<testng-results skipped="0" failed="0" ignored="0" total="5" passed="5">
  <reporter-output>
  </reporter-output>
  <suite name="API AUTOMATION PROJECT" duration-ms="7464" started-at="2019-09-14T14:17:45Z" finished-at="2019-09-14T14:17:52Z">
    <groups>
    </groups>
    <test name="API AUTOMATION TASK" duration-ms="7464" started-at="2019-09-14T14:17:45Z" finished-at="2019-09-14T14:17:52Z">
      <class name="TestCases.GetAll_Employees_Test">
        <test-method status="PASS" signature="Setup()[pri:0, instance:TestCases.GetAll_Employees_Test@2d127a61]" name="Setup" is-config="true" duration-ms="1" started-at="2019-09-14T14:17:52Z" finished-at="2019-09-14T14:17:52Z">
          <reporter-output>
          </reporter-output>
        </test-method> <!-- Setup -->
        <test-method status="PASS" signature="getAllEmployeeData()[pri:1, instance:TestCases.GetAll_Employees_Test@2d127a61]" name="getAllEmployeeData" duration-ms="754" started-at="2019-09-14T14:17:52Z" description="Fetch all the listed Employee data" finished-at="2019-09-14T14:17:52Z">
          <reporter-output>
          </reporter-output>
        </test-method> <!-- getAllEmployeeData -->
      </class> <!-- TestCases.GetAll_Employees_Test -->
      <class name="TestCases.CreateNewEmployeeTest">
        <test-method status="PASS" signature="Setup()[pri:0, instance:TestCases.CreateNewEmployeeTest@290dbf45]" name="Setup" is-config="true" duration-ms="287" started-at="2019-09-14T14:17:45Z" finished-at="2019-09-14T14:17:45Z">
          <reporter-output>
          </reporter-output>
        </test-method> <!-- Setup -->
        <test-method status="PASS" signature="CreateEmployee()[pri:1, instance:TestCases.CreateNewEmployeeTest@290dbf45]" name="CreateEmployee" duration-ms="2544" started-at="2019-09-14T14:17:45Z" description="Create New Employee data." finished-at="2019-09-14T14:17:48Z">
          <reporter-output>
          </reporter-output>
        </test-method> <!-- CreateEmployee -->
      </class> <!-- TestCases.CreateNewEmployeeTest -->
      <class name="TestCases.DeleteEmployeeTest">
        <test-method status="PASS" signature="Setup()[pri:0, instance:TestCases.DeleteEmployeeTest@69a10787]" name="Setup" is-config="true" duration-ms="4" started-at="2019-09-14T14:17:50Z" finished-at="2019-09-14T14:17:50Z">
          <reporter-output>
          </reporter-output>
        </test-method> <!-- Setup -->
        <test-method status="PASS" signature="deleteEmployee()[pri:1, instance:TestCases.DeleteEmployeeTest@69a10787]" name="deleteEmployee" duration-ms="1487" started-at="2019-09-14T14:17:50Z" description="Created employee data will be deleted." finished-at="2019-09-14T14:17:52Z">
          <reporter-output>
          </reporter-output>
        </test-method> <!-- deleteEmployee -->
      </class> <!-- TestCases.DeleteEmployeeTest -->
      <class name="TestCases.UpdateEmployeeTest">
        <test-method status="PASS" signature="Setup()[pri:0, instance:TestCases.UpdateEmployeeTest@17776a8]" name="Setup" is-config="true" duration-ms="1" started-at="2019-09-14T14:17:49Z" finished-at="2019-09-14T14:17:49Z">
          <reporter-output>
          </reporter-output>
        </test-method> <!-- Setup -->
        <test-method status="PASS" signature="UpdateEmployee()[pri:1, instance:TestCases.UpdateEmployeeTest@17776a8]" name="UpdateEmployee" duration-ms="746" started-at="2019-09-14T14:17:49Z" description="Update an employee details." finished-at="2019-09-14T14:17:50Z">
          <reporter-output>
          </reporter-output>
        </test-method> <!-- UpdateEmployee -->
      </class> <!-- TestCases.UpdateEmployeeTest -->
      <class name="TestCases.GetSingleEmployeeTest">
        <test-method status="PASS" signature="Setup()[pri:0, instance:TestCases.GetSingleEmployeeTest@12028586]" name="Setup" is-config="true" duration-ms="6" started-at="2019-09-14T14:17:48Z" finished-at="2019-09-14T14:17:48Z">
          <reporter-output>
          </reporter-output>
        </test-method> <!-- Setup -->
        <test-method status="PASS" signature="getEmployeeDetails()[pri:1, instance:TestCases.GetSingleEmployeeTest@12028586]" name="getEmployeeDetails" duration-ms="1613" started-at="2019-09-14T14:17:48Z" description="Fetch only one entry by this Function." finished-at="2019-09-14T14:17:49Z">
          <reporter-output>
          </reporter-output>
        </test-method> <!-- getEmployeeDetails -->
      </class> <!-- TestCases.GetSingleEmployeeTest -->
    </test> <!-- API AUTOMATION TASK -->
  </suite> <!-- API AUTOMATION PROJECT -->
</testng-results>
