<?xml version="1.0" encoding="UTF-8"?>
<testsuite xmlns:xsi="http://www.w3.org/2001/XMLSchema-instance" xsi:noNamespaceSchemaLocation="https://maven.apache.org/surefire/maven-surefire-plugin/xsd/surefire-test-report.xsd" name="TestSuite" time="48.563" tests="5" errors="0" skipped="0" failures="0">
  <properties>
[...]
</properties>
  <testcase name="CreateEmployee" classname="TestCases.CreateNewEmployeeTest" time="2.546"/>
  <testcase name="getEmployeeDetails" classname="TestCases.GetSingleEmployeeTest" time="1.613"/>
  <testcase name="UpdateEmployee" classname="TestCases.UpdateEmployeeTest" time="0.751"/>
  <testcase name="deleteEmployee" classname="TestCases.DeleteEmployeeTest" time="1.487"/>
  <testcase name="getAllEmployeeData" classname="TestCases.GetAll_Employees_Test" time="0.785"/>
</testsuite>